生成启动时间为 2017/1/13 10:14:30。
     1>项目“C:\Users\acer\Desktop\subwayCharge_student113\subwayCharge\subwayCharge.vcxproj”在节点 2 上(build 个目标)。
     1>InitializeBuildStatus:
         正在创建“Debug\subwayCharge.unsuccessfulbuild”，因为已指定“AlwaysCreate”。
       ClCompile:
         E:\Program Files\Microsoft Visual Studio 10.0\VC\bin\CL.exe /c /I..\subwayCharge /IsubwayCard /IsubwayCommand /IsubwayCommon /IsubwayControl /IsubwayGlobal /IsubwayLine /IsubwayPrice /IsubwaySocket /IsubwayError /ZI /nologo /W3 /WX- /Od /Oy- /D WIN32 /D _DEBUG /D _CONSOLE /D _UNICODE /D UNICODE /Gm /EHsc /RTC1 /MDd /GS /fp:precise /Zc:wchar_t /Zc:forScope /Fo"Debug\\" /Fd"Debug\vc100.pdb" /Gd /TP /analyze- /errorReport:prompt subwayCard\subwayCard.cpp subwayTestcase\subwaycard_test\subwaycard_test.cpp
         subwaycard_test.cpp
         subwayCard.cpp
         正在生成代码...
       ManifestResourceCompile:
         所有输出均为最新。
       Link:
         E:\Program Files\Microsoft Visual Studio 10.0\VC\bin\link.exe /ERRORREPORT:PROMPT /OUT:"C:\Users\acer\Desktop\subwayCharge_student113\Debug\subwayCharge.exe" /INCREMENTAL /NOLOGO ws2_32.lib kernel32.lib user32.lib gdi32.lib winspool.lib comdlg32.lib advapi32.lib shell32.lib ole32.lib oleaut32.lib uuid.lib odbc32.lib odbccp32.lib /MANIFEST /ManifestFile:"Debug\subwayCharge.exe.intermediate.manifest" /MANIFESTUAC:"level='asInvoker' uiAccess='false'" /DEBUG /PDB:"C:\Users\acer\Desktop\subwayCharge_student113\Debug\subwayCharge.pdb" /SUBSYSTEM:CONSOLE /TLBID:1 /DYNAMICBASE /NXCOMPAT /IMPLIB:"C:\Users\acer\Desktop\subwayCharge_student113\Debug\subwayCharge.lib" /MACHINE:X86 Debug\subwayCharge.exe.embed.manifest.res
         Debug\stdafx.obj
         Debug\subwayCard.obj
         Debug\subwayCharge.obj
         Debug\cmdCreateCard.obj
         Debug\cmdDeductProc.obj
         Debug\cmdDestroyCard.obj
         Debug\cmdFillCharge.obj
         Debug\cmdQueryHistory.obj
         Debug\cmdQueryLine.obj
         Debug\cmdReset.obj
         Debug\cmdSingleTicket.obj
         Debug\subwayCmdParse.obj
         Debug\subwayCreateCardProc.obj
         Debug\subwayDeductProc.obj
         Debug\subwayFillChargeProc.obj
         Debug\subwayQueryHistoryProc.obj
         Debug\subwayQueryLineProc.obj
         Debug\subwayResetProc.obj
         Debug\subwaySingleTicketProc.obj
         Debug\subwayCommonSplit.obj
         Debug\subwayCmdProc.obj
         Debug\subwayOutput.obj
         Debug\subwayError.obj
         Debug\subwayline.obj
         Debug\basePrice.obj
         Debug\deductPrice.obj
         Debug\subwaySocket.obj
         Debug\subwaycard_test.obj
         Debug\subwayline_test.obj
         Debug\subwayprice_test.obj
       Manifest:
         C:\Program Files\Microsoft SDKs\Windows\v7.0A\bin\mt.exe /nologo /verbose /out:"Debug\subwayCharge.exe.embed.manifest" /manifest Debug\subwayCharge.exe.intermediate.manifest
         所有输出均为最新。
       LinkEmbedManifest:
         所有输出均为最新。
         subwayCharge.vcxproj -> C:\Users\acer\Desktop\subwayCharge_student113\Debug\subwayCharge.exe
       FinalizeBuildStatus:
         正在删除文件“Debug\subwayCharge.unsuccessfulbuild”。
         正在对“Debug\subwayCharge.lastbuildstate”执行 Touch 任务。
     1>已完成生成项目“C:\Users\acer\Desktop\subwayCharge_student113\subwayCharge\subwayCharge.vcxproj”(build 个目标)的操作。

生成成功。

已用时间 00:00:01.13
