C:\Users\acer\Desktop\华为培训20170112\subwayCharge_student\Debug\subwayCharge.pdb
C:\USERS\ACER\DESKTOP\华为培训20170112\SUBWAYCHARGE_STUDENT\SUBWAYCHARGE\DEBUG\BASEPRICE.OBJ
C:\Users\acer\Desktop\华为培训20170112\subwayCharge_student\subwayCharge\Debug\cl.command.1.tlog
C:\Users\acer\Desktop\华为培训20170112\subwayCharge_student\subwayCharge\Debug\CL.read.1.tlog
C:\Users\acer\Desktop\华为培训20170112\subwayCharge_student\subwayCharge\Debug\CL.write.1.tlog
C:\USERS\ACER\DESKTOP\华为培训20170112\SUBWAYCHARGE_STUDENT\SUBWAYCHARGE\DEBUG\CMDCREATECARD.OBJ
C:\USERS\ACER\DESKTOP\华为培训20170112\SUBWAYCHARGE_STUDENT\SUBWAYCHARGE\DEBUG\CMDDEDUCTPROC.OBJ
C:\USERS\ACER\DESKTOP\华为培训20170112\SUBWAYCHARGE_STUDENT\SUBWAYCHARGE\DEBUG\CMDDESTROYCARD.OBJ
C:\USERS\ACER\DESKTOP\华为培训20170112\SUBWAYCHARGE_STUDENT\SUBWAYCHARGE\DEBUG\CMDFILLCHARGE.OBJ
C:\USERS\ACER\DESKTOP\华为培训20170112\SUBWAYCHARGE_STUDENT\SUBWAYCHARGE\DEBUG\CMDQUERYHISTORY.OBJ
C:\USERS\ACER\DESKTOP\华为培训20170112\SUBWAYCHARGE_STUDENT\SUBWAYCHARGE\DEBUG\CMDQUERYLINE.OBJ
C:\USERS\ACER\DESKTOP\华为培训20170112\SUBWAYCHARGE_STUDENT\SUBWAYCHARGE\DEBUG\CMDRESET.OBJ
C:\USERS\ACER\DESKTOP\华为培训20170112\SUBWAYCHARGE_STUDENT\SUBWAYCHARGE\DEBUG\CMDSINGLETICKET.OBJ
C:\USERS\ACER\DESKTOP\华为培训20170112\SUBWAYCHARGE_STUDENT\SUBWAYCHARGE\DEBUG\DEDUCTPRICE.OBJ
C:\Users\acer\Desktop\华为培训20170112\subwayCharge_student\subwayCharge\Debug\link.command.1.tlog
C:\Users\acer\Desktop\华为培训20170112\subwayCharge_student\subwayCharge\Debug\link.read.1.tlog
C:\Users\acer\Desktop\华为培训20170112\subwayCharge_student\subwayCharge\Debug\link.write.1.tlog
C:\Users\acer\Desktop\华为培训20170112\subwayCharge_student\subwayCharge\Debug\link-cvtres.read.1.tlog
C:\Users\acer\Desktop\华为培训20170112\subwayCharge_student\subwayCharge\Debug\link-cvtres.write.1.tlog
C:\Users\acer\Desktop\华为培训20170112\subwayCharge_student\subwayCharge\Debug\rc.command.1.tlog
C:\Users\acer\Desktop\华为培训20170112\subwayCharge_student\subwayCharge\Debug\rc.read.1.tlog
C:\Users\acer\Desktop\华为培训20170112\subwayCharge_student\subwayCharge\Debug\rc.write.1.tlog
C:\USERS\ACER\DESKTOP\华为培训20170112\SUBWAYCHARGE_STUDENT\SUBWAYCHARGE\DEBUG\STDAFX.OBJ
C:\USERS\ACER\DESKTOP\华为培训20170112\SUBWAYCHARGE_STUDENT\SUBWAYCHARGE\DEBUG\SUBWAYCARD.OBJ
C:\USERS\ACER\DESKTOP\华为培训20170112\SUBWAYCHARGE_STUDENT\SUBWAYCHARGE\DEBUG\SUBWAYCARD_TEST.OBJ
C:\Users\acer\Desktop\华为培训20170112\subwayCharge_student\subwayCharge\Debug\subwayCharge.exe.embed.manifest
C:\USERS\ACER\DESKTOP\华为培训20170112\SUBWAYCHARGE_STUDENT\SUBWAYCHARGE\DEBUG\SUBWAYCHARGE.EXE.EMBED.MANIFEST.RES
C:\Users\acer\Desktop\华为培训20170112\subwayCharge_student\subwayCharge\Debug\subwayCharge.exe.intermediate.manifest
C:\USERS\ACER\DESKTOP\华为培训20170112\SUBWAYCHARGE_STUDENT\SUBWAYCHARGE\DEBUG\SUBWAYCHARGE.OBJ
C:\Users\acer\Desktop\华为培训20170112\subwayCharge_student\subwayCharge\Debug\subwayCharge_manifest.rc
C:\USERS\ACER\DESKTOP\华为培训20170112\SUBWAYCHARGE_STUDENT\SUBWAYCHARGE\DEBUG\SUBWAYCMDPARSE.OBJ
C:\USERS\ACER\DESKTOP\华为培训20170112\SUBWAYCHARGE_STUDENT\SUBWAYCHARGE\DEBUG\SUBWAYCMDPROC.OBJ
C:\USERS\ACER\DESKTOP\华为培训20170112\SUBWAYCHARGE_STUDENT\SUBWAYCHARGE\DEBUG\SUBWAYCOMMONSPLIT.OBJ
C:\USERS\ACER\DESKTOP\华为培训20170112\SUBWAYCHARGE_STUDENT\SUBWAYCHARGE\DEBUG\SUBWAYCREATECARDPROC.OBJ
C:\USERS\ACER\DESKTOP\华为培训20170112\SUBWAYCHARGE_STUDENT\SUBWAYCHARGE\DEBUG\SUBWAYDEDUCTPROC.OBJ
C:\USERS\ACER\DESKTOP\华为培训20170112\SUBWAYCHARGE_STUDENT\SUBWAYCHARGE\DEBUG\SUBWAYERROR.OBJ
C:\USERS\ACER\DESKTOP\华为培训20170112\SUBWAYCHARGE_STUDENT\SUBWAYCHARGE\DEBUG\SUBWAYFILLCHARGEPROC.OBJ
C:\USERS\ACER\DESKTOP\华为培训20170112\SUBWAYCHARGE_STUDENT\SUBWAYCHARGE\DEBUG\SUBWAYLINE.OBJ
C:\USERS\ACER\DESKTOP\华为培训20170112\SUBWAYCHARGE_STUDENT\SUBWAYCHARGE\DEBUG\SUBWAYLINE_TEST.OBJ
C:\USERS\ACER\DESKTOP\华为培训20170112\SUBWAYCHARGE_STUDENT\SUBWAYCHARGE\DEBUG\SUBWAYOUTPUT.OBJ
C:\USERS\ACER\DESKTOP\华为培训20170112\SUBWAYCHARGE_STUDENT\SUBWAYCHARGE\DEBUG\SUBWAYPRICE_TEST.OBJ
C:\USERS\ACER\DESKTOP\华为培训20170112\SUBWAYCHARGE_STUDENT\SUBWAYCHARGE\DEBUG\SUBWAYQUERYHISTORYPROC.OBJ
C:\USERS\ACER\DESKTOP\华为培训20170112\SUBWAYCHARGE_STUDENT\SUBWAYCHARGE\DEBUG\SUBWAYQUERYLINEPROC.OBJ
C:\USERS\ACER\DESKTOP\华为培训20170112\SUBWAYCHARGE_STUDENT\SUBWAYCHARGE\DEBUG\SUBWAYRESETPROC.OBJ
C:\USERS\ACER\DESKTOP\华为培训20170112\SUBWAYCHARGE_STUDENT\SUBWAYCHARGE\DEBUG\SUBWAYSINGLETICKETPROC.OBJ
C:\USERS\ACER\DESKTOP\华为培训20170112\SUBWAYCHARGE_STUDENT\SUBWAYCHARGE\DEBUG\SUBWAYSOCKET.OBJ
C:\Users\acer\Desktop\华为培训20170112\subwayCharge_student\subwayCharge\Debug\vc100.idb
C:\USERS\ACER\DESKTOP\华为培训20170112\SUBWAYCHARGE_STUDENT\SUBWAYCHARGE\DEBUG\VC100.PDB
